Circuit: * Z:\home\vagrant\CSOS\SPICE_FET_PWR\CurrentSink.asc

Direct Newton iteration failed to find .op point.  (Use ".option noopiter" to skip.)
Starting Gmin stepping
Gmin = 10
Gmin = 1.07374
Gmin = 0.115292
Gmin = 0.0123794
Gmin = 0.00132923
Gmin = 0.000142725
Gmin = 1.5325e-005
Gmin = 1.6455e-006
Gmin = 1.76685e-007
Gmin = 1.89714e-008
Gmin = 2.03704e-009
Gmin = 2.18725e-010
Gmin = 2.34854e-011
Gmin = 2.52173e-012
Gmin = 2.70769e-013
Gmin = 0
Gmin stepping succeeded in finding the operating point.


Date: Sat Jun 11 22:51:30 2016
Total elapsed time: 0.287 seconds.

tnom = 27
temp = 27
method = modified trap
totiter = 3659
traniter = 3232
tranpoints = 1315
accept = 1239
rejected = 76
matrix size = 19
fillins = 3
solver = Normal
Matrix Compiler1: 808 bytes object code size  1.7/1.7/[1.6]
Matrix Compiler2:     127 opcodes  1.7/[1.5]/1.7


